<?xml version="1.0" encoding="UTF-8"?>
<coverage generated="1663392534564" clover="3.2.0">
  <project timestamp="1663392534564" name="All files">
    <metrics statements="36" coveredstatements="36" conditionals="7" coveredconditionals="7" methods="15" coveredmethods="15" elements="58" coveredelements="58" complexity="0" loc="36" ncloc="36" packages="1" files="3" classes="3"/>
    <file name="MigrationDefinition.ts" path="/home/johan/code/sql-apply/src/migration/MigrationDefinition.ts">
      <metrics statements="22" coveredstatements="22" conditionals="6" coveredconditionals="6" methods="7" coveredmethods="7"/>
      <line num="1" count="2" type="stmt"/>
      <line num="3" count="2" type="stmt"/>
      <line num="5" count="2" type="stmt"/>
      <line num="11" count="16" type="stmt"/>
      <line num="12" count="16" type="stmt"/>
      <line num="13" count="16" type="stmt"/>
      <line num="16" count="2" type="stmt"/>
      <line num="17" count="12" type="stmt"/>
      <line num="18" count="12" type="cond" truecount="3" falsecount="0"/>
      <line num="19" count="1" type="stmt"/>
      <line num="21" count="11" type="cond" truecount="1" falsecount="0"/>
      <line num="22" count="1" type="stmt"/>
      <line num="24" count="10" type="stmt"/>
      <line num="25" count="10" type="stmt"/>
      <line num="28" count="2" type="stmt"/>
      <line num="30" count="4" type="stmt"/>
      <line num="31" count="1" type="stmt"/>
      <line num="33" count="1" type="stmt"/>
      <line num="37" count="2" type="stmt"/>
      <line num="38" count="1" type="cond" truecount="2" falsecount="0"/>
      <line num="40" count="2" type="stmt"/>
      <line num="43" count="10" type="stmt"/>
    </file>
    <file name="migration-finder.ts" path="/home/johan/code/sql-apply/src/migration/migration-finder.ts">
      <metrics statements="12" coveredstatements="12" conditionals="1" coveredconditionals="1" methods="7" coveredmethods="7"/>
      <line num="1" count="1" type="stmt"/>
      <line num="2" count="1" type="stmt"/>
      <line num="4" count="1" type="stmt"/>
      <line num="5" count="3" type="cond" truecount="1" falsecount="0"/>
      <line num="6" count="1" type="stmt"/>
      <line num="8" count="2" type="stmt"/>
      <line num="11" count="2" type="stmt"/>
      <line num="13" count="6" type="stmt"/>
      <line num="14" count="5" type="stmt"/>
      <line num="19" count="2" type="stmt"/>
      <line num="20" count="6" type="stmt"/>
      <line num="21" count="2" type="stmt"/>
    </file>
    <file name="name-convention.ts" path="/home/johan/code/sql-apply/src/migration/name-convention.ts">
      <metrics statements="2" coveredstatements="2" conditionals="0" coveredconditionals="0" methods="1" coveredmethods="1"/>
      <line num="1" count="3" type="stmt"/>
      <line num="2" count="17" type="stmt"/>
    </file>
  </project>
</coverage>
