{"/home/johan/code/sql-apply/src/migration/MigrationDefinition.ts": {"path":"/home/johan/code/sql-apply/src/migration/MigrationDefinition.ts","statementMap":{"0":{"start":{"line":1,"column":0},"end":{"line":1,"column":46}},"1":{"start":{"line":3,"column":0},"end":{"line":3,"column":25}},"2":{"start":{"line":5,"column":0},"end":{"line":5,"column":13}},"3":{"start":{"line":11,"column":8},"end":{"line":11,"column":25}},"4":{"start":{"line":12,"column":8},"end":{"line":12,"column":31}},"5":{"start":{"line":13,"column":8},"end":{"line":13,"column":39}},"6":{"start":{"line":16,"column":11},"end":{"line":26,"column":null}},"7":{"start":{"line":17,"column":25},"end":{"line":17,"column":46}},"8":{"start":{"line":18,"column":8},"end":{"line":20,"column":null}},"9":{"start":{"line":19,"column":11},"end":{"line":19,"column":51}},"10":{"start":{"line":21,"column":8},"end":{"line":23,"column":null}},"11":{"start":{"line":22,"column":12},"end":{"line":22,"column":67}},"12":{"start":{"line":24,"column":39},"end":{"line":24,"column":59}},"13":{"start":{"line":24,"column":22},"end":{"line":24,"column":24}},"14":{"start":{"line":24,"column":35},"end":{"line":24,"column":39}},"15":{"start":{"line":25,"column":8},"end":{"line":25,"column":94}},"16":{"start":{"line":28,"column":10},"end":{"line":35,"column":null}},"17":{"start":{"line":30,"column":12},"end":{"line":30,"column":50}},"18":{"start":{"line":31,"column":12},"end":{"line":31,"column":24}},"19":{"start":{"line":33,"column":12},"end":{"line":33,"column":25}},"20":{"start":{"line":37,"column":10},"end":{"line":39,"column":null}},"21":{"start":{"line":38,"column":15},"end":{"line":38,"column":77}},"22":{"start":{"line":38,"column":63},"end":{"line":38,"column":76}},"23":{"start":{"line":38,"column":8},"end":{"line":38,"column":77}},"24":{"start":{"line":40,"column":0},"end":{"line":40,"column":null}},"25":{"start":{"line":5,"column":13},"end":{"line":5,"column":32}},"26":{"start":{"line":43,"column":4},"end":{"line":43,"column":60}}},"fnMap":{"0":{"name":"(anonymous_19)","decl":{"start":{"line":5,"column":0},"end":{"line":5,"column":13}},"loc":{"start":{"line":5,"column":0},"end":{"line":40,"column":null}}},"1":{"name":"MigrationDefinition","decl":{"start":{"line":10,"column":4},"end":{"line":10,"column":16}},"loc":{"start":{"line":10,"column":66},"end":{"line":14,"column":5}}},"2":{"name":"(anonymous_21)","decl":{"start":{"line":16,"column":4},"end":{"line":16,"column":11}},"loc":{"start":{"line":16,"column":38},"end":{"line":26,"column":5}}},"3":{"name":"(anonymous_22)","decl":{"start":{"line":28,"column":4},"end":{"line":28,"column":10}},"loc":{"start":{"line":28,"column":4},"end":{"line":35,"column":null}}},"4":{"name":"(anonymous_25)","decl":{"start":{"line":37,"column":4},"end":{"line":37,"column":10}},"loc":{"start":{"line":37,"column":4},"end":{"line":39,"column":null}}},"5":{"name":"(anonymous_28)","decl":{"start":{"line":38,"column":58},"end":{"line":38,"column":59}},"loc":{"start":{"line":38,"column":59},"end":{"line":38,"column":64}}},"6":{"name":"removeSuffix","decl":{"start":{"line":42,"column":9},"end":{"line":42,"column":21}},"loc":{"start":{"line":42,"column":38},"end":{"line":44,"column":1}}}},"branchMap":{"0":{"loc":{"start":{"line":18,"column":8},"end":{"line":20,"column":null}},"type":"if","locations":[{"start":{"line":18,"column":8},"end":{"line":20,"column":null}}]},"1":{"loc":{"start":{"line":18,"column":11},"end":{"line":18,"column":52}},"type":"binary-expr","locations":[{"start":{"line":18,"column":11},"end":{"line":18,"column":33}},{"start":{"line":18,"column":37},"end":{"line":18,"column":52}}]},"2":{"loc":{"start":{"line":21,"column":8},"end":{"line":23,"column":null}},"type":"if","locations":[{"start":{"line":21,"column":8},"end":{"line":23,"column":null}}]},"3":{"loc":{"start":{"line":38,"column":15},"end":{"line":38,"column":77}},"type":"switch","locations":[{"start":{"line":38,"column":15},"end":{"line":38,"column":77}},{"start":{"line":38,"column":8},"end":{"line":38,"column":77}}]}},"s":{"0":2,"1":2,"2":2,"3":16,"4":16,"5":16,"6":2,"7":12,"8":12,"9":1,"10":11,"11":1,"12":10,"13":10,"14":10,"15":10,"16":2,"17":4,"18":1,"19":1,"20":2,"21":1,"22":1,"23":1,"24":2,"25":2,"26":10},"f":{"0":2,"1":16,"2":12,"3":2,"4":1,"5":1,"6":10},"b":{"0":[1],"1":[12,12],"2":[1],"3":[1,1]}}
,"/home/johan/code/sql-apply/src/migration/migration-finder.ts": {"path":"/home/johan/code/sql-apply/src/migration/migration-finder.ts","statementMap":{"0":{"start":{"line":1,"column":0},"end":{"line":1,"column":58}},"1":{"start":{"line":2,"column":0},"end":{"line":2,"column":25}},"2":{"start":{"line":5,"column":4},"end":{"line":7,"column":null}},"3":{"start":{"line":6,"column":8},"end":{"line":6,"column":44}},"4":{"start":{"line":8,"column":18},"end":{"line":8,"column":null}},"5":{"start":{"line":8,"column":54},"end":{"line":8,"column":76}},"6":{"start":{"line":8,"column":10},"end":{"line":8,"column":null}},"7":{"start":{"line":11,"column":4},"end":{"line":14,"column":60}},"8":{"start":{"line":13,"column":21},"end":{"line":13,"column":62}},"9":{"start":{"line":14,"column":24},"end":{"line":14,"column":59}},"10":{"start":{"line":4,"column":0},"end":{"line":4,"column":22}},"11":{"start":{"line":19,"column":10},"end":{"line":19,"column":null}},"12":{"start":{"line":20,"column":19},"end":{"line":20,"column":36}},"13":{"start":{"line":20,"column":10},"end":{"line":20,"column":null}},"14":{"start":{"line":20,"column":54},"end":{"line":20,"column":70}},"15":{"start":{"line":20,"column":85},"end":{"line":20,"column":97}},"16":{"start":{"line":21,"column":4},"end":{"line":21,"column":17}}},"fnMap":{"0":{"name":"findMigrations","decl":{"start":{"line":4,"column":22},"end":{"line":4,"column":36}},"loc":{"start":{"line":4,"column":52},"end":{"line":15,"column":null}}},"1":{"name":"(anonymous_22)","decl":{"start":{"line":8,"column":46},"end":{"line":8,"column":50}},"loc":{"start":{"line":8,"column":50},"end":{"line":8,"column":69}}},"2":{"name":"(anonymous_23)","decl":{"start":{"line":13,"column":13},"end":{"line":13,"column":17}},"loc":{"start":{"line":13,"column":17},"end":{"line":13,"column":40}}},"3":{"name":"(anonymous_24)","decl":{"start":{"line":14,"column":14},"end":{"line":14,"column":15}},"loc":{"start":{"line":14,"column":19},"end":{"line":14,"column":25}}},"4":{"name":"findFilesInPath","decl":{"start":{"line":17,"column":15},"end":{"line":17,"column":30}},"loc":{"start":{"line":17,"column":43},"end":{"line":22,"column":null}}},"5":{"name":"(anonymous_28)","decl":{"start":{"line":20,"column":44},"end":{"line":20,"column":50}},"loc":{"start":{"line":20,"column":50},"end":{"line":20,"column":60}}},"6":{"name":"(anonymous_29)","decl":{"start":{"line":20,"column":75},"end":{"line":20,"column":81}},"loc":{"start":{"line":20,"column":81},"end":{"line":20,"column":91}}}},"branchMap":{"0":{"loc":{"start":{"line":5,"column":4},"end":{"line":7,"column":null}},"type":"if","locations":[{"start":{"line":5,"column":4},"end":{"line":7,"column":null}}]}},"s":{"0":1,"1":1,"2":3,"3":1,"4":2,"5":2,"6":2,"7":2,"8":6,"9":5,"10":1,"11":2,"12":2,"13":2,"14":6,"15":6,"16":2},"f":{"0":3,"1":2,"2":6,"3":5,"4":2,"5":6,"6":6},"b":{"0":[1]}}
,"/home/johan/code/sql-apply/src/migration/name-convention.ts": {"path":"/home/johan/code/sql-apply/src/migration/name-convention.ts","statementMap":{"0":{"start":{"line":2,"column":4},"end":{"line":2,"column":54}},"1":{"start":{"line":1,"column":0},"end":{"line":1,"column":16}}},"fnMap":{"0":{"name":"isNameValid","decl":{"start":{"line":1,"column":16},"end":{"line":1,"column":27}},"loc":{"start":{"line":1,"column":44},"end":{"line":3,"column":1}}}},"branchMap":{},"s":{"0":17,"1":3},"f":{"0":17},"b":{}}
}
