TN:
SF:src/migration/MigrationDefinition.ts
FN:5,(anonymous_19)
FN:10,MigrationDefinition
FN:16,(anonymous_21)
FN:28,(anonymous_22)
FN:37,(anonymous_25)
FN:38,(anonymous_28)
FN:42,removeSuffix
FNF:7
FNH:7
FNDA:2,(anonymous_19)
FNDA:16,MigrationDefinition
FNDA:12,(anonymous_21)
FNDA:2,(anonymous_22)
FNDA:1,(anonymous_25)
FNDA:1,(anonymous_28)
FNDA:10,removeSuffix
DA:1,2
DA:3,2
DA:5,2
DA:11,16
DA:12,16
DA:13,16
DA:16,2
DA:17,12
DA:18,12
DA:19,1
DA:21,11
DA:22,1
DA:24,10
DA:25,10
DA:28,2
DA:30,4
DA:31,1
DA:33,1
DA:37,2
DA:38,1
DA:40,2
DA:43,10
LF:22
LH:22
BRDA:18,0,0,1
BRDA:18,1,0,12
BRDA:18,1,1,12
BRDA:21,2,0,1
BRDA:38,3,0,1
BRDA:38,3,1,1
BRF:6
BRH:6
end_of_record
TN:
SF:src/migration/migration-finder.ts
FN:4,findMigrations
FN:8,(anonymous_22)
FN:13,(anonymous_23)
FN:14,(anonymous_24)
FN:17,findFilesInPath
FN:20,(anonymous_28)
FN:20,(anonymous_29)
FNF:7
FNH:7
FNDA:3,findMigrations
FNDA:2,(anonymous_22)
FNDA:6,(anonymous_23)
FNDA:5,(anonymous_24)
FNDA:2,findFilesInPath
FNDA:6,(anonymous_28)
FNDA:6,(anonymous_29)
DA:1,1
DA:2,1
DA:4,1
DA:5,3
DA:6,1
DA:8,2
DA:11,2
DA:13,6
DA:14,5
DA:19,2
DA:20,6
DA:21,2
LF:12
LH:12
BRDA:5,0,0,1
BRF:1
BRH:1
end_of_record
TN:
SF:src/migration/name-convention.ts
FN:1,isNameValid
FNF:1
FNH:1
FNDA:17,isNameValid
DA:1,3
DA:2,17
LF:2
LH:2
BRF:0
BRH:0
end_of_record
